<?xml version="1.0" encoding="UTF-8"?>
<!-- Generated by org.testng.reporters.JUnitReportReporter -->
<testsuite hostname="LAPTOP-QNMGACMU" failures="0" tests="2" name="com.testcases.SampleTest" time="0.001" errors="0" timestamp="2023-04-22T21:50:18 IST" skipped="0">
  <testcase classname="com.testcases.SampleTest" name="testcase2" time="0.000"/>
  <system-out/>
  <testcase classname="com.testcases.SampleTest" name="testcase1" time="0.001"/>
  <system-out/>
</testsuite> <!-- com.testcases.SampleTest -->
